Case #1: our language is impossible to understand
Case #2: there are twenty six factorial possibilities
Case #3: so it is okay if you want to just give up
Case #4: xoggk d yl wxo vkkvgo ekso uyl wonw sywy
Case #5: xkf yto akj
Case #6: yabba dabba yabba dabba yabba dabba yabba dabba yabba dabba yabba dabba yabba dabba yabba dooooooooo
Case #7: a b c d e f g h i j k l m n o p q r s t u v y w x y z now i know my abcs
Case #8: next time wont you sing with me
Case #9: whoooooooooooooooooooaaaaaaaaa i know c plus plus
Case #10: greetings cheese popsicle the number you have dialed is currently out of porkchops
Case #11: all your base are belong to error the spoony bard
Case #12: an eye for an eye and a pigeon for a pigeon
Case #13: you want sell things at me boing zooom
Case #14: my name is dug i have just met you and i looove you
Case #15: translating text is not goros strength
Case #16: strength is goros strength
Case #17: each of us has his own special gift and you know this was meant to be true
Case #18: and if you dont underestimate me i wont underestimate you
Case #19: oh nooooo goggalor is headed for the orphanage
Case #20: oh my god lets make out
Case #21: let lips do what hands do
Case #22: how are you holding up because im a potato
Case #23: i have bested fruit spike and moon now i shall best you the guy
Case #24: now is the summer of our lack of discontent
Case #25: thank you but the real googlerese is in another castle
Case #26: it was the best of times it was the blurst of times
Case #27: now that you know googlerese please do not use it to hack into our systems
Case #28: you pissed off the chicken lady
Case #29: buff tryndamere and amumu
Case #30: you know you want to
